<?xml version="1.0" encoding="UTF-8"?>
<!-- Generated by org.testng.reporters.JUnitReportReporter -->
<testsuite hostname="DESKTOP-V44M6NP" failures="0" tests="2" name="TestNG.TestNGClass" time="94.723" errors="0" timestamp="2023-01-25T17:43:55 IST" skipped="0">
  <testcase classname="TestNG.TestNGClass" name="clickonAddtoCart" time="49.420"/>
  <testcase classname="TestNG.TestNGClass" name="ClickonBuyNow" time="45.303"/>
</testsuite> <!-- TestNG.TestNGClass -->
